[ERROR] [ERROR] Some problems were encountered while processing the POMs:
[ERROR] Non-resolvable import POM: The following artifacts could not be resolved: eu.olkypay:olkypay-framework-bom:pom:1.7.2-SNAPSHOT (absent): Could not transfer artifact eu.olkypay:olkypay-framework-bom:pom:1.7.2-SNAPSHOT from/to snapshots (https://newartifactory.olkypay.local:443/artifactory/libs-snapshot): PKIX path building failed: sun.security.provider.certpath.SunCertPathBuilderException: unable to find valid certification path to requested target @ line 69, column 16
[ERROR] Non-resolvable import POM: The following artifacts could not be resolved: org.springframework:spring-framework-bom:pom:4.3.30.RELEASE (absent): Could not transfer artifact org.springframework:spring-framework-bom:pom:4.3.30.RELEASE from/to central (https://newartifactory.olkypay.local:443/artifactory/libs-release): PKIX path building failed: sun.security.provider.certpath.SunCertPathBuilderException: unable to find valid certification path to requested target @ line 77, column 16
 @ 
[ERROR] The build could not read 1 project -> [Help 1]
[ERROR]   
[ERROR]   The project eu.olkypay:olkypay-module:1.1.3-SNAPSHOT (C:\Users\RHABACHI\IdeaProjects\olkypay-module-old2\pom.xml) has 2 errors
[ERROR]     Non-resolvable import POM: The following artifacts could not be resolved: eu.olkypay:olkypay-framework-bom:pom:1.7.2-SNAPSHOT (absent): Could not transfer artifact eu.olkypay:olkypay-framework-bom:pom:1.7.2-SNAPSHOT from/to snapshots (https://newartifactory.olkypay.local:443/artifactory/libs-snapshot): PKIX path building failed: sun.security.provider.certpath.SunCertPathBuilderException: unable to find valid certification path to requested target @ line 69, column 16 -> [Help 2]
[ERROR]     Non-resolvable import POM: The following artifacts could not be resolved: org.springframework:spring-framework-bom:pom:4.3.30.RELEASE (absent): Could not transfer artifact org.springframework:spring-framework-bom:pom:4.3.30.RELEASE from/to central (https://newartifactory.olkypay.local:443/artifactory/libs-release): PKIX path building failed: sun.security.provider.certpath.SunCertPathBuilderException: unable to find valid certification path to requested target @ line 77, column 16 -> [Help 2]
[ERROR] 
[ERROR] To see the full stack trace of the errors, re-run Maven with the -e switch.
[ERROR] Re-run Maven using the -X switch to enable full debug logging.
[ERROR] 
[ERROR] For more information about the errors and possible solutions, please read the following articles:
[ERROR] [Help 1] http://cwiki.apache.org/confluence/display/MAVEN/ProjectBuildingException
[ERROR] [Help 2] http://cwiki.apache.org/confluence/display/MAVEN/UnresolvableModelException

Process finished with exit code 1
